<?xml version="1.0" encoding="UTF-8"?>
<testng-results skipped="0" failed="0" ignored="0" total="1" passed="1">
  <reporter-output>
  </reporter-output>
  <suite name="Default suite" duration-ms="86" started-at="2020-01-16T16:13:55 IST" finished-at="2020-01-16T16:13:55 IST">
    <groups>
    </groups>
    <test name="Default test" duration-ms="86" started-at="2020-01-16T16:13:55 IST" finished-at="2020-01-16T16:13:55 IST">
      <class name="kal.com.GitJenkinsTest">
        <test-method status="PASS" signature="display()[pri:0, instance:kal.com.GitJenkinsTest@458c1321]" name="display" duration-ms="20" started-at="2020-01-16T16:13:55 IST" finished-at="2020-01-16T16:13:55 IST">
          <reporter-output>
          </reporter-output>
        </test-method> <!-- display -->
      </class> <!-- kal.com.GitJenkinsTest -->
    </test> <!-- Default test -->
  </suite> <!-- Default suite -->
</testng-results>
